<?xml version="1.0" encoding="UTF-8"?>
<!-- Generated by org.testng.reporters.JUnitReportReporter -->
<testsuite hostname="MWDH-Work2" failures="0" tests="1" name="ass3W9D3.ChromeWebDriverAss3W9D3" time="6.269" errors="0" timestamp="2022-08-03T03:25:51 AST" skipped="0">
  <testcase classname="ass3W9D3.ChromeWebDriverAss3W9D3" name="LearnEnglishWebSite" time="6.269"/>
  <system-out/>
</testsuite> <!-- ass3W9D3.ChromeWebDriverAss3W9D3 -->
